build/app/intermediates/manifest_merge_blame_file/debug/manifest-merger-blame-debug-report.txt
1<?xml version="1.0" encoding="utf-8"?>
2<manifest xmlns:android="http://schemas.android.com/apk/res/android"
3    package="org.qisystems.onclickproperty"
4    android:versionCode="1"
5    android:versionName="1.0.0" >
6
7    <uses-sdk
8        android:minSdkVersion="20"
9        android:targetSdkVersion="30" />
10    <!--
11         Flutter needs it to communicate with the running application
12         to allow setting breakpoints, to provide hot reload, etc.
13    -->
14    <uses-permission android:name="android.permission.INTERNET" />
14-->src\main\AndroidManifest.xml:5:5-67
14-->src\main\AndroidManifest.xml:5:22-64
15    <uses-permission android:name="android.permission.READ_EXTERNAL_STORAGE" />
15-->src\main\AndroidManifest.xml:6:5-80
15-->src\main\AndroidManifest.xml:6:22-77
16    <uses-permission android:name="android.permission.WRITE_EXTERNAL_STORAGE" />
16-->src\main\AndroidManifest.xml:7:5-81
16-->src\main\AndroidManifest.xml:7:22-78
17    <uses-permission android:name="android.permission.ACCESS_FINE_LOCATION" />
17-->src\main\AndroidManifest.xml:8:5-79
17-->src\main\AndroidManifest.xml:8:22-76
18    <uses-permission android:name="android.permission.ACCESS_COARSE_LOCATION" />
18-->src\main\AndroidManifest.xml:9:5-81
18-->src\main\AndroidManifest.xml:9:22-78
19    <uses-permission android:name="android.permission.ACCESS_BACKGROUND_LOCATION" />
19-->src\main\AndroidManifest.xml:10:5-85
19-->src\main\AndroidManifest.xml:10:22-82
20
21    <queries>
21-->[:file_picker] AndroidManifest.xml:9:5-15:15
22        <intent>
22-->[:file_picker] AndroidManifest.xml:10:9-14:18
23            <action android:name="android.intent.action.GET_CONTENT" />
23-->[:file_picker] AndroidManifest.xml:11:13-72
23-->[:file_picker] AndroidManifest.xml:11:21-69
24
25            <data android:mimeType="*/*" />
25-->src\main\AndroidManifest.xml:74:17-75
26        </intent>
27    </queries>
28
29    <uses-permission android:name="android.permission.WAKE_LOCK" />
29-->[:firebase_messaging] AndroidManifest.xml:8:5-68
29-->[:firebase_messaging] AndroidManifest.xml:8:22-65
30    <uses-permission android:name="android.permission.ACCESS_NETWORK_STATE" /> <!-- Required by older versions of Google Play services to create IID tokens -->
30-->[:firebase_messaging] AndroidManifest.xml:9:5-79
30-->[:firebase_messaging] AndroidManifest.xml:9:22-76
31    <uses-permission android:name="com.google.android.c2dm.permission.RECEIVE" />
31-->[com.google.firebase:firebase-messaging:21.1.0] AndroidManifest.xml:25:5-82
31-->[com.google.firebase:firebase-messaging:21.1.0] AndroidManifest.xml:25:22-79
32    <uses-permission android:name="android.permission.ACCESS_WIFI_STATE" /> <!-- Require below permissions for reading sms and otp assist feature -->
32-->[com.payumoney.core:payumoney-sdk:7.6.0] AndroidManifest.xml:13:5-76
32-->[com.payumoney.core:payumoney-sdk:7.6.0] AndroidManifest.xml:13:22-73
33    <!--
34    <uses-permission android:name="android.permission.READ_SMS" />
35    <uses-permission android:name="android.permission.READ_PHONE_STATE" />
36    -->
37    <uses-feature
37-->[com.payumoney.core:payumoney-sdk:7.6.0] AndroidManifest.xml:24:5-26:36
38        android:name="android.hardware.telephony"
38-->[com.payumoney.core:payumoney-sdk:7.6.0] AndroidManifest.xml:25:9-50
39        android:required="false" />
39-->[com.payumoney.core:payumoney-sdk:7.6.0] AndroidManifest.xml:26:9-33
40
41    <uses-permission android:name="com.google.android.finsky.permission.BIND_GET_INSTALL_REFERRER_SERVICE" /> <!-- android:name="io.flutter.app.FlutterApplication" -->
41-->[com.google.android.gms:play-services-measurement:18.0.2] AndroidManifest.xml:26:5-110
41-->[com.google.android.gms:play-services-measurement:18.0.2] AndroidManifest.xml:26:22-107
42    <application
42-->src\main\AndroidManifest.xml:13:5-83:19
43        android:name="org.qisystems.onclickproperty.Application"
43-->src\main\AndroidManifest.xml:14:9-36
44        android:allowBackup="false"
44-->[com.payumoney.sdkui:plug-n-play:1.6.0] AndroidManifest.xml:17:9-36
45        android:appComponentFactory="androidx.core.app.CoreComponentFactory"
45-->[androidx.core:core:1.1.0] AndroidManifest.xml:24:18-86
46        android:debuggable="true"
47        android:icon="@mipmap/launcher_icon"
47-->src\main\AndroidManifest.xml:15:9-45
48        android:label="@string/app_name"
48-->src\main\AndroidManifest.xml:16:9-41
49        android:requestLegacyExternalStorage="true"
49-->src\main\AndroidManifest.xml:17:9-52
50        android:supportsRtl="true"
50-->[com.facebook.android:facebook-login:5.5.1] AndroidManifest.xml:28:18-44
51        android:usesCleartextTraffic="false"
51-->[com.payu.custombrowser:payu-custom-browser:7.5.1] AndroidManifest.xml:17:18-54
52        android:windowSoftInputMode="adjustPan" >
52-->[com.payumoney.core:payumoney-sdk:7.6.0] AndroidManifest.xml:30:9-48
53        <activity
53-->src\main\AndroidManifest.xml:18:9-49:20
54            android:name="org.qisystems.onclickproperty.MainActivity"
54-->src\main\AndroidManifest.xml:19:13-41
55            android:configChanges="orientation|keyboardHidden|keyboard|screenSize|smallestScreenSize|locale|layoutDirection|fontScale|screenLayout|density|uiMode"
55-->src\main\AndroidManifest.xml:20:13-163
56            android:hardwareAccelerated="true"
56-->src\main\AndroidManifest.xml:21:13-47
57            android:launchMode="singleTop"
57-->src\main\AndroidManifest.xml:22:13-43
58            android:requestLegacyExternalStorage="true"
58-->src\main\AndroidManifest.xml:23:13-56
59            android:theme="@style/LaunchTheme"
59-->src\main\AndroidManifest.xml:24:13-47
60            android:usesCleartextTraffic="true"
60-->src\main\AndroidManifest.xml:25:13-48
61            android:windowSoftInputMode="adjustResize" >
61-->src\main\AndroidManifest.xml:26:13-55
62            <intent-filter>
62-->src\main\AndroidManifest.xml:28:13-31:29
63                <action android:name="FLUTTER_NOTIFICATION_CLICK" />
63-->src\main\AndroidManifest.xml:29:17-69
63-->src\main\AndroidManifest.xml:29:25-66
64
65                <category android:name="android.intent.category.DEFAULT" />
65-->src\main\AndroidManifest.xml:30:17-76
65-->src\main\AndroidManifest.xml:30:27-73
66            </intent-filter>
67
68            <meta-data
68-->src\main\AndroidManifest.xml:34:13-36:57
69                android:name="io.flutter.embedding.android.NormalTheme"
69-->src\main\AndroidManifest.xml:35:17-72
70                android:resource="@style/NormalTheme" />
70-->src\main\AndroidManifest.xml:36:17-54
71            <!--
72                 Displays an Android View that continues showing the launch screen
73                 Drawable until Flutter paints its first frame, then this splash
74                 screen fades out. A splash screen is useful to avoid any visual
75                 gap between the end of Android's launch screen and the painting of
76                 Flutter's first frame.
77            -->
78            <meta-data
78-->src\main\AndroidManifest.xml:42:13-44:66
79                android:name="io.flutter.embedding.android.SplashScreenDrawable"
79-->src\main\AndroidManifest.xml:43:17-81
80                android:resource="@drawable/launch_background" />
80-->src\main\AndroidManifest.xml:44:17-63
81
82            <intent-filter>
82-->src\main\AndroidManifest.xml:45:13-48:29
83                <action android:name="android.intent.action.MAIN" />
83-->src\main\AndroidManifest.xml:46:17-69
83-->src\main\AndroidManifest.xml:46:25-66
84
85                <category android:name="android.intent.category.LAUNCHER" />
85-->src\main\AndroidManifest.xml:47:17-77
85-->src\main\AndroidManifest.xml:47:27-74
86            </intent-filter>
87        </activity>
88        <!--
89             Don't delete the meta-data below.
90             This is used by the Flutter tool to generate GeneratedPluginRegistrant.java
91        -->
92        <meta-data
92-->src\main\AndroidManifest.xml:52:9-54:33
93            android:name="flutterEmbedding"
93-->src\main\AndroidManifest.xml:53:13-44
94            android:value="2" />
94-->src\main\AndroidManifest.xml:54:13-30
95        <meta-data
95-->src\main\AndroidManifest.xml:56:9-58:55
96            android:name="com.facebook.sdk.ApplicationId"
96-->src\main\AndroidManifest.xml:57:13-58
97            android:value="@string/facebook_app_id" />
97-->src\main\AndroidManifest.xml:58:13-52
98
99        <activity
99-->src\main\AndroidManifest.xml:60:9-63:48
100            android:name="com.facebook.FacebookActivity"
100-->src\main\AndroidManifest.xml:61:13-57
101            android:configChanges="keyboard|keyboardHidden|screenLayout|screenSize|orientation"
101-->src\main\AndroidManifest.xml:62:13-96
102            android:label="@string/app_name"
102-->src\main\AndroidManifest.xml:63:13-45
103            android:theme="@style/com_facebook_activity_theme" />
103-->[com.facebook.android:facebook-common:5.5.1] AndroidManifest.xml:32:13-63
104        <activity
104-->src\main\AndroidManifest.xml:65:9-76:20
105            android:name="com.facebook.CustomTabActivity"
105-->src\main\AndroidManifest.xml:66:13-58
106            android:exported="true" >
106-->src\main\AndroidManifest.xml:67:13-36
107            <intent-filter>
107-->src\main\AndroidManifest.xml:68:13-75:29
108                <action android:name="android.intent.action.VIEW" />
108-->src\main\AndroidManifest.xml:69:17-69
108-->src\main\AndroidManifest.xml:69:25-66
109
110                <category android:name="android.intent.category.DEFAULT" />
110-->src\main\AndroidManifest.xml:30:17-76
110-->src\main\AndroidManifest.xml:30:27-73
111                <category android:name="android.intent.category.BROWSABLE" />
111-->src\main\AndroidManifest.xml:72:17-78
111-->src\main\AndroidManifest.xml:72:27-75
112
113                <data android:scheme="@string/fb_login_protocol_scheme" />
113-->src\main\AndroidManifest.xml:74:17-75
113-->src\main\AndroidManifest.xml:74:23-72
114            </intent-filter>
115        </activity>
116
117        <meta-data
117-->src\main\AndroidManifest.xml:78:9-80:71
118            android:name="com.google.firebase.messaging.default_notification_channel_id"
118-->src\main\AndroidManifest.xml:79:13-89
119            android:value="@string/default_notification_channel_id" />
119-->src\main\AndroidManifest.xml:80:13-68
120
121        <provider
121-->[:image_picker] AndroidManifest.xml:11:9-19:20
122            android:name="io.flutter.plugins.imagepicker.ImagePickerFileProvider"
122-->[:image_picker] AndroidManifest.xml:12:13-82
123            android:authorities="org.qisystems.onclickproperty.flutter.image_provider"
123-->[:image_picker] AndroidManifest.xml:13:13-74
124            android:exported="false"
124-->[:image_picker] AndroidManifest.xml:14:13-37
125            android:grantUriPermissions="true" >
125-->[:image_picker] AndroidManifest.xml:15:13-47
126            <meta-data
126-->[:image_picker] AndroidManifest.xml:16:13-18:75
127                android:name="android.support.FILE_PROVIDER_PATHS"
127-->[:image_picker] AndroidManifest.xml:17:17-67
128                android:resource="@xml/flutter_image_picker_file_paths" />
128-->[:image_picker] AndroidManifest.xml:18:17-72
129        </provider>
130
131        <service
131-->[:firebase_messaging] AndroidManifest.xml:12:9-15:72
132            android:name="io.flutter.plugins.firebase.messaging.FlutterFirebaseMessagingBackgroundService"
132-->[:firebase_messaging] AndroidManifest.xml:13:13-107
133            android:exported="false"
133-->[:firebase_messaging] AndroidManifest.xml:14:13-37
134            android:permission="android.permission.BIND_JOB_SERVICE" />
134-->[:firebase_messaging] AndroidManifest.xml:15:13-69
135        <service
135-->[:firebase_messaging] AndroidManifest.xml:16:9-22:19
136            android:name="io.flutter.plugins.firebase.messaging.FlutterFirebaseMessagingService"
136-->[:firebase_messaging] AndroidManifest.xml:17:13-97
137            android:exported="false" >
137-->[:firebase_messaging] AndroidManifest.xml:18:13-37
138            <intent-filter>
138-->[:firebase_messaging] AndroidManifest.xml:19:13-21:29
139                <action android:name="com.google.firebase.MESSAGING_EVENT" />
139-->[:firebase_messaging] AndroidManifest.xml:20:17-78
139-->[:firebase_messaging] AndroidManifest.xml:20:25-75
140            </intent-filter>
141        </service>
142
143        <receiver
143-->[:firebase_messaging] AndroidManifest.xml:24:9-31:20
144            android:name="io.flutter.plugins.firebase.messaging.FlutterFirebaseMessagingReceiver"
144-->[:firebase_messaging] AndroidManifest.xml:25:13-98
145            android:exported="true"
145-->[:firebase_messaging] AndroidManifest.xml:26:13-36
146            android:permission="com.google.android.c2dm.permission.SEND" >
146-->[:firebase_messaging] AndroidManifest.xml:27:13-73
147            <intent-filter>
147-->[:firebase_messaging] AndroidManifest.xml:28:13-30:29
148                <action android:name="com.google.android.c2dm.intent.RECEIVE" />
148-->[:firebase_messaging] AndroidManifest.xml:29:17-81
148-->[:firebase_messaging] AndroidManifest.xml:29:25-78
149            </intent-filter>
150        </receiver>
151
152        <service
152-->[:firebase_messaging] AndroidManifest.xml:33:9-37:19
153            android:name="com.google.firebase.components.ComponentDiscoveryService"
153-->[:firebase_messaging] AndroidManifest.xml:33:18-89
154            android:directBootAware="true"
154-->[com.google.firebase:firebase-common:19.5.0] AndroidManifest.xml:35:13-43
155            android:exported="false" >
155-->[com.google.firebase:firebase-analytics-ktx:18.0.2] AndroidManifest.xml:10:13-37
156            <meta-data
156-->[:firebase_messaging] AndroidManifest.xml:34:13-36:85
157                android:name="com.google.firebase.components:io.flutter.plugins.firebase.messaging.FlutterFirebaseAppRegistrar"
157-->[:firebase_messaging] AndroidManifest.xml:35:17-128
158                android:value="com.google.firebase.components.ComponentRegistrar" />
158-->[:firebase_messaging] AndroidManifest.xml:36:17-82
159            <meta-data
159-->[:firebase_auth] AndroidManifest.xml:9:13-11:85
160                android:name="com.google.firebase.components:io.flutter.plugins.firebase.auth.FlutterFirebaseAuthRegistrar"
160-->[:firebase_auth] AndroidManifest.xml:10:17-124
161                android:value="com.google.firebase.components.ComponentRegistrar" />
161-->[:firebase_auth] AndroidManifest.xml:11:17-82
162            <meta-data
162-->[:firebase_core] AndroidManifest.xml:9:13-11:85
163                android:name="com.google.firebase.components:io.flutter.plugins.firebase.core.FlutterFirebaseCoreRegistrar"
163-->[:firebase_core] AndroidManifest.xml:10:17-124
164                android:value="com.google.firebase.components.ComponentRegistrar" />
164-->[:firebase_core] AndroidManifest.xml:11:17-82
165            <meta-data
165-->[com.google.firebase:firebase-analytics-ktx:18.0.2] AndroidManifest.xml:11:13-13:85
166                android:name="com.google.firebase.components:com.google.firebase.analytics.ktx.FirebaseAnalyticsKtxRegistrar"
166-->[com.google.firebase:firebase-analytics-ktx:18.0.2] AndroidManifest.xml:12:17-126
167                android:value="com.google.firebase.components.ComponentRegistrar" />
167-->[com.google.firebase:firebase-analytics-ktx:18.0.2] AndroidManifest.xml:13:17-82
168            <meta-data
168-->[com.google.firebase:firebase-common-ktx:19.5.0] AndroidManifest.xml:15:13-17:85
169                android:name="com.google.firebase.components:com.google.firebase.ktx.FirebaseCommonKtxRegistrar"
169-->[com.google.firebase:firebase-common-ktx:19.5.0] AndroidManifest.xml:16:17-113
170                android:value="com.google.firebase.components.ComponentRegistrar" />
170-->[com.google.firebase:firebase-common-ktx:19.5.0] AndroidManifest.xml:17:17-82
171            <meta-data
171-->[com.google.firebase:firebase-messaging:21.1.0] AndroidManifest.xml:52:13-54:85
172                android:name="com.google.firebase.components:com.google.firebase.messaging.FirebaseMessagingRegistrar"
172-->[com.google.firebase:firebase-messaging:21.1.0] AndroidManifest.xml:53:17-119
173                android:value="com.google.firebase.components.ComponentRegistrar" />
173-->[com.google.firebase:firebase-messaging:21.1.0] AndroidManifest.xml:54:17-82
174            <meta-data
174-->[com.google.firebase:firebase-datatransport:17.0.10] AndroidManifest.xml:28:13-30:85
175                android:name="com.google.firebase.components:com.google.firebase.datatransport.TransportRegistrar"
175-->[com.google.firebase:firebase-datatransport:17.0.10] AndroidManifest.xml:29:17-115
176                android:value="com.google.firebase.components.ComponentRegistrar" />
176-->[com.google.firebase:firebase-datatransport:17.0.10] AndroidManifest.xml:30:17-82
177            <meta-data
177-->[com.google.firebase:firebase-auth:20.0.2] AndroidManifest.xml:77:13-79:85
178                android:name="com.google.firebase.components:com.google.firebase.auth.FirebaseAuthRegistrar"
178-->[com.google.firebase:firebase-auth:20.0.2] AndroidManifest.xml:78:17-109
179                android:value="com.google.firebase.components.ComponentRegistrar" />
179-->[com.google.firebase:firebase-auth:20.0.2] AndroidManifest.xml:79:17-82
180            <meta-data
180-->[com.google.firebase:firebase-iid:21.1.0] AndroidManifest.xml:32:13-34:85
181                android:name="com.google.firebase.components:com.google.firebase.iid.Registrar"
181-->[com.google.firebase:firebase-iid:21.1.0] AndroidManifest.xml:33:17-96
182                android:value="com.google.firebase.components.ComponentRegistrar" />
182-->[com.google.firebase:firebase-iid:21.1.0] AndroidManifest.xml:34:17-82
183            <meta-data
183-->[com.google.android.gms:play-services-measurement-api:18.0.2] AndroidManifest.xml:30:13-32:85
184                android:name="com.google.firebase.components:com.google.firebase.analytics.connector.internal.AnalyticsConnectorRegistrar"
184-->[com.google.android.gms:play-services-measurement-api:18.0.2] AndroidManifest.xml:31:17-139
185                android:value="com.google.firebase.components.ComponentRegistrar" />
185-->[com.google.android.gms:play-services-measurement-api:18.0.2] AndroidManifest.xml:32:17-82
186            <meta-data
186-->[com.google.firebase:firebase-installations:16.3.5] AndroidManifest.xml:18:13-20:85
187                android:name="com.google.firebase.components:com.google.firebase.installations.FirebaseInstallationsRegistrar"
187-->[com.google.firebase:firebase-installations:16.3.5] AndroidManifest.xml:19:17-127
188                android:value="com.google.firebase.components.ComponentRegistrar" />
188-->[com.google.firebase:firebase-installations:16.3.5] AndroidManifest.xml:20:17-82
189            <!--
190                This registrar is not defined in the dynamic-module-support sdk itself to allow non-firebase
191                clients to use it as well, by defining this registrar in their own core/common library.
192            -->
193            <meta-data
193-->[com.google.firebase:firebase-common:19.5.0] AndroidManifest.xml:43:13-45:85
194                android:name="com.google.firebase.components:com.google.firebase.dynamicloading.DynamicLoadingRegistrar"
194-->[com.google.firebase:firebase-common:19.5.0] AndroidManifest.xml:44:17-121
195                android:value="com.google.firebase.components.ComponentRegistrar" />
195-->[com.google.firebase:firebase-common:19.5.0] AndroidManifest.xml:45:17-82
196        </service>
197
198        <provider
198-->[:firebase_messaging] AndroidManifest.xml:39:9-43:38
199            android:name="io.flutter.plugins.firebase.messaging.FlutterFirebaseMessagingInitProvider"
199-->[:firebase_messaging] AndroidManifest.xml:40:13-102
200            android:authorities="org.qisystems.onclickproperty.flutterfirebasemessaginginitprovider"
200-->[:firebase_messaging] AndroidManifest.xml:41:13-88
201            android:exported="false"
201-->[:firebase_messaging] AndroidManifest.xml:42:13-37
202            android:initOrder="99" />
202-->[:firebase_messaging] AndroidManifest.xml:43:13-35
203
204        <activity
204-->[:razorpay_flutter] AndroidManifest.xml:8:9-11:20
205            android:name="com.razorpay.CheckoutActivity"
205-->[:razorpay_flutter] AndroidManifest.xml:9:13-57
206            android:configChanges="keyboard|keyboardHidden|orientation|screenSize"
206-->[com.razorpay:checkout:1.6.6] AndroidManifest.xml:20:13-83
207            android:label="Razorpay Checkout"
207-->[:razorpay_flutter] AndroidManifest.xml:10:13-46
208            android:theme="@style/CheckoutTheme" >
208-->[com.razorpay:checkout:1.6.6] AndroidManifest.xml:21:13-49
209            <intent-filter>
209-->[com.razorpay:checkout:1.6.6] AndroidManifest.xml:22:13-28:29
210                <action android:name="android.intent.action.MAIN" />
210-->src\main\AndroidManifest.xml:46:17-69
210-->src\main\AndroidManifest.xml:46:25-66
211
212                <data
212-->src\main\AndroidManifest.xml:74:17-75
213                    android:host="rzp.io"
214                    android:scheme="io.rzp" />
214-->src\main\AndroidManifest.xml:74:23-72
215            </intent-filter>
216        </activity>
217        <activity
217-->[:url_launcher] AndroidManifest.xml:8:9-11:74
218            android:name="io.flutter.plugins.urllauncher.WebViewActivity"
218-->[:url_launcher] AndroidManifest.xml:9:13-74
219            android:exported="false"
219-->[:url_launcher] AndroidManifest.xml:10:13-37
220            android:theme="@android:style/Theme.NoTitleBar.Fullscreen" />
220-->[:url_launcher] AndroidManifest.xml:11:13-71
221
222        <receiver
222-->[com.google.firebase:firebase-messaging:21.1.0] AndroidManifest.xml:28:9-35:20
223            android:name="com.google.firebase.iid.FirebaseInstanceIdReceiver"
223-->[com.google.firebase:firebase-messaging:21.1.0] AndroidManifest.xml:29:13-78
224            android:exported="true"
224-->[com.google.firebase:firebase-messaging:21.1.0] AndroidManifest.xml:30:13-36
225            android:permission="com.google.android.c2dm.permission.SEND" >
225-->[com.google.firebase:firebase-messaging:21.1.0] AndroidManifest.xml:31:13-73
226            <intent-filter>
226-->[:firebase_messaging] AndroidManifest.xml:28:13-30:29
227                <action android:name="com.google.android.c2dm.intent.RECEIVE" />
227-->[:firebase_messaging] AndroidManifest.xml:29:17-81
227-->[:firebase_messaging] AndroidManifest.xml:29:25-78
228            </intent-filter>
229        </receiver>
230        <!--
231             FirebaseMessagingService performs security checks at runtime,
232             but set to not exported to explicitly avoid allowing another app to call it.
233        -->
234        <service
234-->[com.google.firebase:firebase-messaging:21.1.0] AndroidManifest.xml:41:9-48:19
235            android:name="com.google.firebase.messaging.FirebaseMessagingService"
235-->[com.google.firebase:firebase-messaging:21.1.0] AndroidManifest.xml:42:13-82
236            android:directBootAware="true"
236-->[com.google.firebase:firebase-messaging:21.1.0] AndroidManifest.xml:43:13-43
237            android:exported="false" >
237-->[com.google.firebase:firebase-messaging:21.1.0] AndroidManifest.xml:44:13-37
238            <intent-filter android:priority="-500" >
238-->[:firebase_messaging] AndroidManifest.xml:19:13-21:29
239                <action android:name="com.google.firebase.MESSAGING_EVENT" />
239-->[:firebase_messaging] AndroidManifest.xml:20:17-78
239-->[:firebase_messaging] AndroidManifest.xml:20:25-75
240            </intent-filter>
241        </service>
242        <service
242-->[com.google.android.datatransport:transport-backend-cct:2.3.3] AndroidManifest.xml:29:9-35:19
243            android:name="com.google.android.datatransport.runtime.backends.TransportBackendDiscovery"
243-->[com.google.android.datatransport:transport-backend-cct:2.3.3] AndroidManifest.xml:30:13-103
244            android:exported="false" >
244-->[com.google.android.datatransport:transport-backend-cct:2.3.3] AndroidManifest.xml:31:13-37
245            <meta-data
245-->[com.google.android.datatransport:transport-backend-cct:2.3.3] AndroidManifest.xml:32:13-34:39
246                android:name="backend:com.google.android.datatransport.cct.CctBackendFactory"
246-->[com.google.android.datatransport:transport-backend-cct:2.3.3] AndroidManifest.xml:33:17-94
247                android:value="cct" />
247-->[com.google.android.datatransport:transport-backend-cct:2.3.3] AndroidManifest.xml:34:17-36
248        </service>
249
250        <activity
250-->[com.google.firebase:firebase-auth:20.0.2] AndroidManifest.xml:27:9-44:20
251            android:name="com.google.firebase.auth.internal.GenericIdpActivity"
251-->[com.google.firebase:firebase-auth:20.0.2] AndroidManifest.xml:28:13-80
252            android:excludeFromRecents="true"
252-->[com.google.firebase:firebase-auth:20.0.2] AndroidManifest.xml:29:13-46
253            android:exported="true"
253-->[com.google.firebase:firebase-auth:20.0.2] AndroidManifest.xml:30:13-36
254            android:launchMode="singleTask"
254-->[com.google.firebase:firebase-auth:20.0.2] AndroidManifest.xml:31:13-44
255            android:theme="@android:style/Theme.Translucent.NoTitleBar" >
255-->[com.google.firebase:firebase-auth:20.0.2] AndroidManifest.xml:32:13-72
256            <intent-filter>
256-->[com.google.firebase:firebase-auth:20.0.2] AndroidManifest.xml:33:13-43:29
257                <action android:name="android.intent.action.VIEW" />
257-->src\main\AndroidManifest.xml:69:17-69
257-->src\main\AndroidManifest.xml:69:25-66
258
259                <category android:name="android.intent.category.DEFAULT" />
259-->src\main\AndroidManifest.xml:30:17-76
259-->src\main\AndroidManifest.xml:30:27-73
260                <category android:name="android.intent.category.BROWSABLE" />
260-->src\main\AndroidManifest.xml:72:17-78
260-->src\main\AndroidManifest.xml:72:27-75
261
262                <data
262-->src\main\AndroidManifest.xml:74:17-75
263                    android:host="firebase.auth"
264                    android:path="/"
265                    android:scheme="genericidp" />
265-->src\main\AndroidManifest.xml:74:23-72
266            </intent-filter>
267        </activity>
268        <activity
268-->[com.google.firebase:firebase-auth:20.0.2] AndroidManifest.xml:45:9-62:20
269            android:name="com.google.firebase.auth.internal.RecaptchaActivity"
269-->[com.google.firebase:firebase-auth:20.0.2] AndroidManifest.xml:46:13-79
270            android:excludeFromRecents="true"
270-->[com.google.firebase:firebase-auth:20.0.2] AndroidManifest.xml:47:13-46
271            android:exported="true"
271-->[com.google.firebase:firebase-auth:20.0.2] AndroidManifest.xml:48:13-36
272            android:launchMode="singleTask"
272-->[com.google.firebase:firebase-auth:20.0.2] AndroidManifest.xml:49:13-44
273            android:theme="@android:style/Theme.Translucent.NoTitleBar" >
273-->[com.google.firebase:firebase-auth:20.0.2] AndroidManifest.xml:50:13-72
274            <intent-filter>
274-->[com.google.firebase:firebase-auth:20.0.2] AndroidManifest.xml:51:13-61:29
275                <action android:name="android.intent.action.VIEW" />
275-->src\main\AndroidManifest.xml:69:17-69
275-->src\main\AndroidManifest.xml:69:25-66
276
277                <category android:name="android.intent.category.DEFAULT" />
277-->src\main\AndroidManifest.xml:30:17-76
277-->src\main\AndroidManifest.xml:30:27-73
278                <category android:name="android.intent.category.BROWSABLE" />
278-->src\main\AndroidManifest.xml:72:17-78
278-->src\main\AndroidManifest.xml:72:27-75
279
280                <data
280-->src\main\AndroidManifest.xml:74:17-75
281                    android:host="firebase.auth"
282                    android:path="/"
283                    android:scheme="recaptcha" />
283-->src\main\AndroidManifest.xml:74:23-72
284            </intent-filter>
285        </activity>
286
287        <service
287-->[com.google.firebase:firebase-auth:20.0.2] AndroidManifest.xml:64:9-73:19
288            android:name="com.google.firebase.auth.api.fallback.service.FirebaseAuthFallbackService"
288-->[com.google.firebase:firebase-auth:20.0.2] AndroidManifest.xml:65:13-101
289            android:enabled="true"
289-->[com.google.firebase:firebase-auth:20.0.2] AndroidManifest.xml:66:13-35
290            android:exported="false" >
290-->[com.google.firebase:firebase-auth:20.0.2] AndroidManifest.xml:67:13-37
291            <intent-filter>
291-->[com.google.firebase:firebase-auth:20.0.2] AndroidManifest.xml:68:13-72:29
292                <action android:name="com.google.firebase.auth.api.gms.service.START" />
292-->[com.google.firebase:firebase-auth:20.0.2] AndroidManifest.xml:69:17-89
292-->[com.google.firebase:firebase-auth:20.0.2] AndroidManifest.xml:69:25-86
293
294                <category android:name="android.intent.category.DEFAULT" />
294-->src\main\AndroidManifest.xml:30:17-76
294-->src\main\AndroidManifest.xml:30:27-73
295            </intent-filter>
296        </service>
297
298        <provider
298-->[com.google.firebase:firebase-common:19.5.0] AndroidManifest.xml:26:9-31:39
299            android:name="com.google.firebase.provider.FirebaseInitProvider"
299-->[com.google.firebase:firebase-common:19.5.0] AndroidManifest.xml:27:13-77
300            android:authorities="org.qisystems.onclickproperty.firebaseinitprovider"
300-->[com.google.firebase:firebase-common:19.5.0] AndroidManifest.xml:28:13-72
301            android:directBootAware="true"
301-->[com.google.firebase:firebase-common:19.5.0] AndroidManifest.xml:29:13-43
302            android:exported="false"
302-->[com.google.firebase:firebase-common:19.5.0] AndroidManifest.xml:30:13-37
303            android:initOrder="100" />